Using pre-set license
Built from '2021.3/staging' branch; Version is '2021.3.15f1 (e8e88683f834) revision 15263878'; Using compiler version '192829333'; Build Type 'Release'
OS: 'Windows 10  (10.0.19044) 64bit Professional' Language: 'en' Physical Memory: 8013 MB
BatchMode: 1, IsHumanControllingUs: 0, StartBugReporterOnCrash: 0, Is64bit: 1, IsPro: 1

COMMAND LINE ARGUMENTS:
C:\Program Files\Unity 2021.3.15f1\Editor\Unity.exe
-adb2
-batchMode
-noUpm
-name
AssetImportWorker2
-projectPath
C:/Users/PE/Documents/GitHub/unity_playground
-logFile
Logs/AssetImportWorker2.log
-srvPort
53611
Successfully changed project path to: C:/Users/PE/Documents/GitHub/unity_playground
C:/Users/PE/Documents/GitHub/unity_playground
[UnityMemory] Configuration Parameters - Can be set up in boot.config
    "memorysetup-bucket-allocator-granularity=16"
    "memorysetup-bucket-allocator-bucket-count=8"
    "memorysetup-bucket-allocator-block-size=33554432"
    "memorysetup-bucket-allocator-block-count=8"
    "memorysetup-main-allocator-block-size=16777216"
    "memorysetup-thread-allocator-block-size=16777216"
    "memorysetup-gfx-main-allocator-block-size=16777216"
    "memorysetup-gfx-thread-allocator-block-size=16777216"
    "memorysetup-cache-allocator-block-size=4194304"
    "memorysetup-typetree-allocator-block-size=2097152"
    "memorysetup-profiler-bucket-allocator-granularity=16"
    "memorysetup-profiler-bucket-allocator-bucket-count=8"
    "memorysetup-profiler-bucket-allocator-block-size=33554432"
    "memorysetup-profiler-bucket-allocator-block-count=8"
    "memorysetup-profiler-allocator-block-size=16777216"
    "memorysetup-profiler-editor-allocator-block-size=1048576"
    "memorysetup-temp-allocator-size-main=16777216"
    "memorysetup-job-temp-allocator-block-size=2097152"
    "memorysetup-job-temp-allocator-block-size-background=1048576"
    "memorysetup-job-temp-allocator-reduction-small-platforms=262144"
    "memorysetup-temp-allocator-size-background-worker=32768"
    "memorysetup-temp-allocator-size-job-worker=262144"
    "memorysetup-temp-allocator-size-preload-manager=33554432"
    "memorysetup-temp-allocator-size-nav-mesh-worker=65536"
    "memorysetup-temp-allocator-size-audio-worker=65536"
    "memorysetup-temp-allocator-size-cloud-worker=32768"
    "memorysetup-temp-allocator-size-gi-baking-worker=262144"
    "memorysetup-temp-allocator-size-gfx=262144"
Player connection [7784] Host "[IP] 192.168.0.236 [Port] 0 [Flags] 2 [Guid] 626214620 [EditorId] 626214620 [Version] 1048832 [Id] WindowsEditor(7,DESKTOP-STJ8FAD) [Debug] 1 [PackageName] WindowsEditor [ProjectName] Editor" joined multi-casting on [225.0.0.222:54997]...

Player connection [7784] Host "[IP] 192.168.0.236 [Port] 0 [Flags] 2 [Guid] 626214620 [EditorId] 626214620 [Version] 1048832 [Id] WindowsEditor(7,DESKTOP-STJ8FAD) [Debug] 1 [PackageName] WindowsEditor [ProjectName] Editor" joined alternative multi-casting on [225.0.0.222:34997]...

Refreshing native plugins compatible for Editor in 109.66 ms, found 2 plugins.
Preloading 0 native plugins for Editor in 0.00 ms.
Initialize engine version: 2021.3.15f1 (e8e88683f834)
[Subsystems] Discovering subsystems at path C:/Program Files/Unity 2021.3.15f1/Editor/Data/Resources/UnitySubsystems
[Subsystems] Discovering subsystems at path C:/Users/PE/Documents/GitHub/unity_playground/Assets
GfxDevice: creating device client; threaded=0; jobified=0
Direct3D:
    Version:  Direct3D 11.0 [level 11.1]
    Renderer: NVIDIA GeForce RTX 3060 Laptop GPU (ID=0x2520)
    Vendor:   NVIDIA
    VRAM:     6023 MB
    Driver:   30.0.14.9717
Initialize mono
Mono path[0] = 'C:/Program Files/Unity 2021.3.15f1/Editor/Data/Managed'
Mono path[1] = 'C:/Program Files/Unity 2021.3.15f1/Editor/Data/MonoBleedingEdge/lib/mono/unityjit-win32'
Mono config path = 'C:/Program Files/Unity 2021.3.15f1/Editor/Data/MonoBleedingEdge/etc'
Using monoOptions --debugger-agent=transport=dt_socket,embedding=1,server=y,suspend=n,address=127.0.0.1:56064
Begin MonoManager ReloadAssembly
Registering precompiled unity dll's ...
Register platform support module: C:/Program Files/Unity 2021.3.15f1/Editor/Data/PlaybackEngines/WindowsStandaloneSupport/UnityEditor.WindowsStandalone.Extensions.dll
Registered in 0.005730 seconds.
Native extension for WindowsStandalone target not found
Refreshing native plugins compatible for Editor in 102.56 ms, found 2 plugins.
Preloading 0 native plugins for Editor in 0.00 ms.
Mono: successfully reloaded assembly
- Completed reload, in  1.232 seconds
Domain Reload Profiling:
	ReloadAssembly (1234ms)
		BeginReloadAssembly (135ms)
			ExecutionOrderSort (0ms)
			DisableScriptedObjects (0ms)
			BackupInstance (0ms)
			ReleaseScriptingObjects (0ms)
			CreateAndSetChildDomain (1ms)
		EndReloadAssembly (960ms)
			LoadAssemblies (133ms)
			RebuildTransferFunctionScriptingTraits (0ms)
			SetupTypeCache (135ms)
			ReleaseScriptCaches (0ms)
			RebuildScriptCaches (31ms)
			SetupLoadedEditorAssemblies (725ms)
				LogAssemblyErrors (0ms)
				InitializePlatformSupportModulesInManaged (7ms)
				SetLoadedEditorAssemblies (0ms)
				RefreshPlugins (103ms)
				BeforeProcessingInitializeOnLoad (2ms)
				ProcessInitializeOnLoadAttributes (525ms)
				ProcessInitializeOnLoadMethodAttributes (87ms)
				AfterProcessingInitializeOnLoad (0ms)
				EditorAssembliesLoaded (0ms)
			ExecutionOrderSort2 (0ms)
			AwakeInstancesAfterBackupRestoration (0ms)
Platform modules already initialized, skipping
Registering precompiled user dll's ...
Registered in 0.028695 seconds.
Begin MonoManager ReloadAssembly
Native extension for WindowsStandalone target not found
Refreshing native plugins compatible for Editor in 89.60 ms, found 2 plugins.
Preloading 0 native plugins for Editor in 0.00 ms.
Package Manager log level set to [2]
Mono: successfully reloaded assembly
- Completed reload, in  2.107 seconds
Domain Reload Profiling:
	ReloadAssembly (2109ms)
		BeginReloadAssembly (177ms)
			ExecutionOrderSort (0ms)
			DisableScriptedObjects (8ms)
			BackupInstance (0ms)
			ReleaseScriptingObjects (0ms)
			CreateAndSetChildDomain (29ms)
		EndReloadAssembly (1816ms)
			LoadAssemblies (229ms)
			RebuildTransferFunctionScriptingTraits (0ms)
			SetupTypeCache (256ms)
			ReleaseScriptCaches (1ms)
			RebuildScriptCaches (95ms)
			SetupLoadedEditorAssemblies (1227ms)
				LogAssemblyErrors (0ms)
				InitializePlatformSupportModulesInManaged (4ms)
				SetLoadedEditorAssemblies (0ms)
				RefreshPlugins (90ms)
				BeforeProcessingInitializeOnLoad (184ms)
				ProcessInitializeOnLoadAttributes (761ms)
				ProcessInitializeOnLoadMethodAttributes (180ms)
				AfterProcessingInitializeOnLoad (7ms)
				EditorAssembliesLoaded (0ms)
			ExecutionOrderSort2 (0ms)
			AwakeInstancesAfterBackupRestoration (5ms)
Platform modules already initialized, skipping
========================================================================
Worker process is ready to serve import requests
Launched and connected shader compiler UnityShaderCompiler.exe after 0.08 seconds
Refreshing native plugins compatible for Editor in 3.07 ms, found 2 plugins.
Preloading 0 native plugins for Editor in 0.00 ms.
Unloading 5384 Unused Serialized files (Serialized files now loaded: 0)
Unloading 259 unused Assets / (2.2 MB). Loaded Objects now: 5770.
Memory consumption went from 235.3 MB to 233.1 MB.
Total: 16.201600 ms (FindLiveObjects: 1.160400 ms CreateObjectMapping: 1.339100 ms MarkObjects: 12.101100 ms  DeleteObjects: 1.598300 ms)

AssetImportParameters requested are different than current active one (requested -> active):
  custom:video-decoder-ogg-theora: a1e56fd34408186e4bbccfd4996cb3dc -> 
  custom:container-muxer-webm: aa71ff27fc2769a1b78a27578f13a17b -> 
  custom:container-demuxer-webm: 4f35f7cbe854078d1ac9338744f61a02 -> 
  custom:video-encoder-webm-vp8: eb34c28f22e8b96e1ab97ce403110664 -> 
  custom:audio-encoder-webm-vorbis: bf7c407c2cedff20999df2af8eb42d56 -> 
  custom:framework-win-MediaFoundation: 216162199b28c13a410421893ffa2e32 -> 
  custom:container-demuxer-ogg: 62fdf1f143b41e24485cea50d1cbac27 -> 
  custom:video-decoder-webm-vp8: 9c59270c3fd7afecdb556c50c9e8de78 -> 
  custom:audio-decoder-ogg-vorbis: bf7c407c2cedff20999df2af8eb42d56 -> 
========================================================================
Received Prepare
Registering precompiled user dll's ...
Registered in 0.007321 seconds.
Begin MonoManager ReloadAssembly
Native extension for WindowsStandalone target not found
Refreshing native plugins compatible for Editor in 2.73 ms, found 2 plugins.
Preloading 0 native plugins for Editor in 0.00 ms.
Warning: Annotation not found!
UnityEngine.StackTraceUtility:ExtractStackTrace ()
UnityEditor.ProBuilder.EditorUtility:SetGizmoIconEnabled (System.Type,bool) (at Library/PackageCache/com.unity.probuilder@5.0.3/Editor/EditorCore/EditorUtility.cs:575)
UnityEditor.ProBuilder.HierarchyListener:.cctor () (at Library/PackageCache/com.unity.probuilder@5.0.3/Editor/EditorCore/HierarchyListener.cs:21)
System.Runtime.CompilerServices.RuntimeHelpers:RunClassConstructor (System.RuntimeTypeHandle)
UnityEditor.EditorAssemblies:ProcessInitializeOnLoadAttributes (System.Type[])

[Library/PackageCache/com.unity.probuilder@5.0.3/Editor/EditorCore/EditorUtility.cs line 575]

Mono: successfully reloaded assembly
- Completed reload, in  2.107 seconds
Domain Reload Profiling:
	ReloadAssembly (2108ms)
		BeginReloadAssembly (258ms)
			ExecutionOrderSort (0ms)
			DisableScriptedObjects (9ms)
			BackupInstance (0ms)
			ReleaseScriptingObjects (0ms)
			CreateAndSetChildDomain (88ms)
		EndReloadAssembly (1697ms)
			LoadAssemblies (182ms)
			RebuildTransferFunctionScriptingTraits (0ms)
			SetupTypeCache (402ms)
			ReleaseScriptCaches (3ms)
			RebuildScriptCaches (75ms)
			SetupLoadedEditorAssemblies (982ms)
				LogAssemblyErrors (0ms)
				InitializePlatformSupportModulesInManaged (16ms)
				SetLoadedEditorAssemblies (1ms)
				RefreshPlugins (3ms)
				BeforeProcessingInitializeOnLoad (143ms)
				ProcessInitializeOnLoadAttributes (581ms)
				ProcessInitializeOnLoadMethodAttributes (229ms)
				AfterProcessingInitializeOnLoad (8ms)
				EditorAssembliesLoaded (0ms)
			ExecutionOrderSort2 (0ms)
			AwakeInstancesAfterBackupRestoration (9ms)
Platform modules already initialized, skipping
Refreshing native plugins compatible for Editor in 9.58 ms, found 2 plugins.
Preloading 0 native plugins for Editor in 0.00 ms.
Unloading 5165 Unused Serialized files (Serialized files now loaded: 0)
Unloading 83 unused Assets / (2.2 MB). Loaded Objects now: 5785.
Memory consumption went from 216.7 MB to 214.5 MB.
Total: 13.768200 ms (FindLiveObjects: 1.456600 ms CreateObjectMapping: 0.673700 ms MarkObjects: 10.310800 ms  DeleteObjects: 1.325500 ms)

AssetImportParameters requested are different than current active one (requested -> active):
  custom:video-decoder-ogg-theora: a1e56fd34408186e4bbccfd4996cb3dc -> 
  custom:container-muxer-webm: aa71ff27fc2769a1b78a27578f13a17b -> 
  custom:container-demuxer-webm: 4f35f7cbe854078d1ac9338744f61a02 -> 
  custom:video-encoder-webm-vp8: eb34c28f22e8b96e1ab97ce403110664 -> 
  custom:audio-encoder-webm-vorbis: bf7c407c2cedff20999df2af8eb42d56 -> 
  custom:framework-win-MediaFoundation: 216162199b28c13a410421893ffa2e32 -> 
  custom:container-demuxer-ogg: 62fdf1f143b41e24485cea50d1cbac27 -> 
  custom:video-decoder-webm-vp8: 9c59270c3fd7afecdb556c50c9e8de78 -> 
  custom:audio-decoder-ogg-vorbis: bf7c407c2cedff20999df2af8eb42d56 -> 
========================================================================
Received Import Request.
  Time since last request: 1550031.082726 seconds.
  path: Assets/- multipleToonLights/multipleLights.unity
  artifactKey: Guid(23f5574f7dd9ee24ead7406f4554f079) Importer(815301076,1909f56bfc062723c751e8b465ee728b)
Start importing Assets/- multipleToonLights/multipleLights.unity using Guid(23f5574f7dd9ee24ead7406f4554f079) Importer(815301076,1909f56bfc062723c751e8b465ee728b)  -> (artifact id: '2893ede5c9e17b817f92a336354ed441') in 0.015273 seconds 
========================================================================
Received Import Request.
  Time since last request: 4.905137 seconds.
  path: Assets/- parallaxMenu/01412-8-tall and dark cave entrance, roof full of crystal spikes, floor skulls. There's a small man holding a torch. Low saturation, atm.png
  artifactKey: Guid(943b5c3102d9370449ac97dd04394aeb) Importer(815301076,1909f56bfc062723c751e8b465ee728b)
Start importing Assets/- parallaxMenu/01412-8-tall and dark cave entrance, roof full of crystal spikes, floor skulls. There's a small man holding a torch. Low saturation, atm.png using Guid(943b5c3102d9370449ac97dd04394aeb) Importer(815301076,1909f56bfc062723c751e8b465ee728b)  -> (artifact id: '194f750d1f8a6cb1439f84a48a7d773a') in 0.191385 seconds 
========================================================================
Received Import Request.
  Time since last request: 3.901144 seconds.
  path: Assets/- particle_controller/- particleController.unity
  artifactKey: Guid(87f258df2f860eb478c0eeb49254ff5c) Importer(815301076,1909f56bfc062723c751e8b465ee728b)
Start importing Assets/- particle_controller/- particleController.unity using Guid(87f258df2f860eb478c0eeb49254ff5c) Importer(815301076,1909f56bfc062723c751e8b465ee728b)  -> (artifact id: '226790713417fd7e99ac3565b661a688') in 0.001421 seconds 
========================================================================
Received Import Request.
  Time since last request: 7.808887 seconds.
  path: Assets/- physicsInRig/sample.unity
  artifactKey: Guid(c929142e40c557b4aab8a2902b152a85) Importer(815301076,1909f56bfc062723c751e8b465ee728b)
Start importing Assets/- physicsInRig/sample.unity using Guid(c929142e40c557b4aab8a2902b152a85) Importer(815301076,1909f56bfc062723c751e8b465ee728b)  -> (artifact id: '753269d802505abca7bae81bb2cf9ae7') in 0.019408 seconds 
========================================================================
Received Import Request.
  Time since last request: 2.108888 seconds.
  path: Assets/- RayMarching/Antialising.asset
  artifactKey: Guid(2c1392606f68c044b9987c111b137233) Importer(815301076,1909f56bfc062723c751e8b465ee728b)
Start importing Assets/- RayMarching/Antialising.asset using Guid(2c1392606f68c044b9987c111b137233) Importer(815301076,1909f56bfc062723c751e8b465ee728b)  -> (artifact id: '77ebfc32fd01ca837535d5518c059741') in 0.056608 seconds 
========================================================================
Received Import Request.
  Time since last request: 0.000119 seconds.
  path: Assets/- RayMarching/Shade.cginc
  artifactKey: Guid(04f5e5c99b6914f4f94dcbe1da48269f) Importer(815301076,1909f56bfc062723c751e8b465ee728b)
Start importing Assets/- RayMarching/Shade.cginc using Guid(04f5e5c99b6914f4f94dcbe1da48269f) Importer(815301076,1909f56bfc062723c751e8b465ee728b)  -> (artifact id: '0f51ba65d4dff7999be7af406ae377ae') in 0.112717 seconds 
========================================================================
Received Import Request.
  Time since last request: 0.000041 seconds.
  path: Assets/- RayMarching/VectorCalc.cginc
  artifactKey: Guid(8951f2b861a9c694aa70d2b6b48660ab) Importer(815301076,1909f56bfc062723c751e8b465ee728b)
Start importing Assets/- RayMarching/VectorCalc.cginc using Guid(8951f2b861a9c694aa70d2b6b48660ab) Importer(815301076,1909f56bfc062723c751e8b465ee728b)  -> (artifact id: '510cd42aa40556f3e25347cea9b09fa8') in 0.102375 seconds 
========================================================================
Received Import Request.
  Time since last request: 4.864785 seconds.
  path: Assets/- RayMarching/- rayMarching.unity
  artifactKey: Guid(edda70b3b091d2d4bb9a0f055e10573c) Importer(815301076,1909f56bfc062723c751e8b465ee728b)
Start importing Assets/- RayMarching/- rayMarching.unity using Guid(edda70b3b091d2d4bb9a0f055e10573c) Importer(815301076,1909f56bfc062723c751e8b465ee728b)  -> (artifact id: '43394aa36570baf37533ecfc42d0d070') in 0.013433 seconds 
========================================================================
Received Prepare
Registering precompiled user dll's ...
Registered in 0.006953 seconds.
Begin MonoManager ReloadAssembly
Native extension for WindowsStandalone target not found
Refreshing native plugins compatible for Editor in 2.92 ms, found 2 plugins.
Preloading 0 native plugins for Editor in 0.00 ms.
Warning: Annotation not found!
UnityEngine.StackTraceUtility:ExtractStackTrace ()
UnityEditor.ProBuilder.EditorUtility:SetGizmoIconEnabled (System.Type,bool) (at Library/PackageCache/com.unity.probuilder@5.0.3/Editor/EditorCore/EditorUtility.cs:575)
UnityEditor.ProBuilder.HierarchyListener:.cctor () (at Library/PackageCache/com.unity.probuilder@5.0.3/Editor/EditorCore/HierarchyListener.cs:21)
System.Runtime.CompilerServices.RuntimeHelpers:RunClassConstructor (System.RuntimeTypeHandle)
UnityEditor.EditorAssemblies:ProcessInitializeOnLoadAttributes (System.Type[])

[Library/PackageCache/com.unity.probuilder@5.0.3/Editor/EditorCore/EditorUtility.cs line 575]

Mono: successfully reloaded assembly
- Completed reload, in  2.187 seconds
Domain Reload Profiling:
	ReloadAssembly (2188ms)
		BeginReloadAssembly (328ms)
			ExecutionOrderSort (0ms)
			DisableScriptedObjects (14ms)
			BackupInstance (0ms)
			ReleaseScriptingObjects (0ms)
			CreateAndSetChildDomain (101ms)
		EndReloadAssembly (1663ms)
			LoadAssemblies (220ms)
			RebuildTransferFunctionScriptingTraits (0ms)
			SetupTypeCache (390ms)
			ReleaseScriptCaches (2ms)
			RebuildScriptCaches (85ms)
			SetupLoadedEditorAssemblies (944ms)
				LogAssemblyErrors (0ms)
				InitializePlatformSupportModulesInManaged (15ms)
				SetLoadedEditorAssemblies (1ms)
				RefreshPlugins (3ms)
				BeforeProcessingInitializeOnLoad (145ms)
				ProcessInitializeOnLoadAttributes (524ms)
				ProcessInitializeOnLoadMethodAttributes (248ms)
				AfterProcessingInitializeOnLoad (7ms)
				EditorAssembliesLoaded (0ms)
			ExecutionOrderSort2 (0ms)
			AwakeInstancesAfterBackupRestoration (12ms)
Platform modules already initialized, skipping
Refreshing native plugins compatible for Editor in 12.18 ms, found 2 plugins.
Preloading 0 native plugins for Editor in 0.00 ms.
Unloading 5165 Unused Serialized files (Serialized files now loaded: 0)
Unloading 83 unused Assets / (2.2 MB). Loaded Objects now: 5807.
Memory consumption went from 221.0 MB to 218.8 MB.
Total: 19.604400 ms (FindLiveObjects: 1.333800 ms CreateObjectMapping: 1.223000 ms MarkObjects: 15.362800 ms  DeleteObjects: 1.680900 ms)

AssetImportParameters requested are different than current active one (requested -> active):
  custom:video-decoder-ogg-theora: a1e56fd34408186e4bbccfd4996cb3dc -> 
  custom:container-muxer-webm: aa71ff27fc2769a1b78a27578f13a17b -> 
  custom:container-demuxer-webm: 4f35f7cbe854078d1ac9338744f61a02 -> 
  custom:video-encoder-webm-vp8: eb34c28f22e8b96e1ab97ce403110664 -> 
  custom:audio-encoder-webm-vorbis: bf7c407c2cedff20999df2af8eb42d56 -> 
  custom:framework-win-MediaFoundation: 216162199b28c13a410421893ffa2e32 -> 
  custom:container-demuxer-ogg: 62fdf1f143b41e24485cea50d1cbac27 -> 
  custom:video-decoder-webm-vp8: 9c59270c3fd7afecdb556c50c9e8de78 -> 
  custom:audio-decoder-ogg-vorbis: bf7c407c2cedff20999df2af8eb42d56 -> 
========================================================================
Received Import Request.
  Time since last request: 45.161930 seconds.
  path: Assets/- RayTracing/RayTracerShader.compute
  artifactKey: Guid(16a6a6730c5b1e845a15756bb9485b41) Importer(815301076,1909f56bfc062723c751e8b465ee728b)
Start importing Assets/- RayTracing/RayTracerShader.compute using Guid(16a6a6730c5b1e845a15756bb9485b41) Importer(815301076,1909f56bfc062723c751e8b465ee728b)  -> (artifact id: '0e9eee47ea7345983a2ecaa66013805a') in 0.057810 seconds 
========================================================================
Received Import Request.
  Time since last request: 1.317577 seconds.
  path: Assets/- RayTracing/- RayTracing.unity
  artifactKey: Guid(e398ec5dcb070c64ba584529414b4ed8) Importer(815301076,1909f56bfc062723c751e8b465ee728b)
Start importing Assets/- RayTracing/- RayTracing.unity using Guid(e398ec5dcb070c64ba584529414b4ed8) Importer(815301076,1909f56bfc062723c751e8b465ee728b)  -> (artifact id: 'c1ed49161cf935dab9bffbe1b0f43ead') in 0.001837 seconds 
========================================================================
Received Prepare
Registering precompiled user dll's ...
Registered in 0.010858 seconds.
Begin MonoManager ReloadAssembly
Native extension for WindowsStandalone target not found
Refreshing native plugins compatible for Editor in 3.18 ms, found 2 plugins.
Preloading 0 native plugins for Editor in 0.00 ms.
Warning: Annotation not found!
UnityEngine.StackTraceUtility:ExtractStackTrace ()
UnityEditor.ProBuilder.EditorUtility:SetGizmoIconEnabled (System.Type,bool) (at Library/PackageCache/com.unity.probuilder@5.0.3/Editor/EditorCore/EditorUtility.cs:575)
UnityEditor.ProBuilder.HierarchyListener:.cctor () (at Library/PackageCache/com.unity.probuilder@5.0.3/Editor/EditorCore/HierarchyListener.cs:21)
System.Runtime.CompilerServices.RuntimeHelpers:RunClassConstructor (System.RuntimeTypeHandle)
UnityEditor.EditorAssemblies:ProcessInitializeOnLoadAttributes (System.Type[])

[Library/PackageCache/com.unity.probuilder@5.0.3/Editor/EditorCore/EditorUtility.cs line 575]

Mono: successfully reloaded assembly
- Completed reload, in  2.445 seconds
Domain Reload Profiling:
	ReloadAssembly (2446ms)
		BeginReloadAssembly (257ms)
			ExecutionOrderSort (0ms)
			DisableScriptedObjects (10ms)
			BackupInstance (0ms)
			ReleaseScriptingObjects (0ms)
			CreateAndSetChildDomain (91ms)
		EndReloadAssembly (2023ms)
			LoadAssemblies (199ms)
			RebuildTransferFunctionScriptingTraits (0ms)
			SetupTypeCache (492ms)
			ReleaseScriptCaches (3ms)
			RebuildScriptCaches (110ms)
			SetupLoadedEditorAssemblies (1112ms)
				LogAssemblyErrors (0ms)
				InitializePlatformSupportModulesInManaged (23ms)
				SetLoadedEditorAssemblies (1ms)
				RefreshPlugins (3ms)
				BeforeProcessingInitializeOnLoad (208ms)
				ProcessInitializeOnLoadAttributes (599ms)
				ProcessInitializeOnLoadMethodAttributes (270ms)
				AfterProcessingInitializeOnLoad (8ms)
				EditorAssembliesLoaded (1ms)
			ExecutionOrderSort2 (0ms)
			AwakeInstancesAfterBackupRestoration (12ms)
Platform modules already initialized, skipping
Refreshing native plugins compatible for Editor in 8.72 ms, found 2 plugins.
Preloading 0 native plugins for Editor in 0.00 ms.
Unloading 5165 Unused Serialized files (Serialized files now loaded: 0)
Unloading 83 unused Assets / (2.2 MB). Loaded Objects now: 5822.
Memory consumption went from 221.0 MB to 218.9 MB.
Total: 16.179800 ms (FindLiveObjects: 1.925500 ms CreateObjectMapping: 1.946900 ms MarkObjects: 9.821900 ms  DeleteObjects: 2.482200 ms)

AssetImportParameters requested are different than current active one (requested -> active):
  custom:video-decoder-ogg-theora: a1e56fd34408186e4bbccfd4996cb3dc -> 
  custom:container-muxer-webm: aa71ff27fc2769a1b78a27578f13a17b -> 
  custom:container-demuxer-webm: 4f35f7cbe854078d1ac9338744f61a02 -> 
  custom:video-encoder-webm-vp8: eb34c28f22e8b96e1ab97ce403110664 -> 
  custom:audio-encoder-webm-vorbis: bf7c407c2cedff20999df2af8eb42d56 -> 
  custom:framework-win-MediaFoundation: 216162199b28c13a410421893ffa2e32 -> 
  custom:container-demuxer-ogg: 62fdf1f143b41e24485cea50d1cbac27 -> 
  custom:video-decoder-webm-vp8: 9c59270c3fd7afecdb556c50c9e8de78 -> 
  custom:audio-decoder-ogg-vorbis: bf7c407c2cedff20999df2af8eb42d56 -> 
========================================================================
Received Import Request.
  Time since last request: 39.156308 seconds.
  path: Assets/- roundWorld/brown.mat
  artifactKey: Guid(ac44e93f1ac42894ca37991ae24dde98) Importer(815301076,1909f56bfc062723c751e8b465ee728b)
Start importing Assets/- roundWorld/brown.mat using Guid(ac44e93f1ac42894ca37991ae24dde98) Importer(815301076,1909f56bfc062723c751e8b465ee728b)  -> (artifact id: 'ae034848a2642a2835f085ec844c0e78') in 0.672165 seconds 
========================================================================
Received Import Request.
  Time since last request: 0.000041 seconds.
  path: Assets/- roundWorld/round.mat
  artifactKey: Guid(4ca3ee133a1e7d44f83305d6b8c96d94) Importer(815301076,1909f56bfc062723c751e8b465ee728b)
Start importing Assets/- roundWorld/round.mat using Guid(4ca3ee133a1e7d44f83305d6b8c96d94) Importer(815301076,1909f56bfc062723c751e8b465ee728b)  -> (artifact id: 'ebd11cd8e21dadd0def5acf0e3052fa4') in 0.128010 seconds 
========================================================================
Received Import Request.
  Time since last request: 3.626053 seconds.
  path: Assets/- roundWorld/- roundWorld.unity
  artifactKey: Guid(67cffbed709b2d743a37475e4cffbfd1) Importer(815301076,1909f56bfc062723c751e8b465ee728b)
Start importing Assets/- roundWorld/- roundWorld.unity using Guid(67cffbed709b2d743a37475e4cffbfd1) Importer(815301076,1909f56bfc062723c751e8b465ee728b)  -> (artifact id: 'd3a9c92c9b378aa9b51b7a4f1e6801b4') in 0.019880 seconds 
========================================================================
Received Prepare
Registering precompiled user dll's ...
Registered in 0.009251 seconds.
Begin MonoManager ReloadAssembly
Native extension for WindowsStandalone target not found
Refreshing native plugins compatible for Editor in 3.82 ms, found 2 plugins.
Preloading 0 native plugins for Editor in 0.00 ms.
Warning: Annotation not found!
UnityEngine.StackTraceUtility:ExtractStackTrace ()
UnityEditor.ProBuilder.EditorUtility:SetGizmoIconEnabled (System.Type,bool) (at Library/PackageCache/com.unity.probuilder@5.0.3/Editor/EditorCore/EditorUtility.cs:575)
UnityEditor.ProBuilder.HierarchyListener:.cctor () (at Library/PackageCache/com.unity.probuilder@5.0.3/Editor/EditorCore/HierarchyListener.cs:21)
System.Runtime.CompilerServices.RuntimeHelpers:RunClassConstructor (System.RuntimeTypeHandle)
UnityEditor.EditorAssemblies:ProcessInitializeOnLoadAttributes (System.Type[])

[Library/PackageCache/com.unity.probuilder@5.0.3/Editor/EditorCore/EditorUtility.cs line 575]

Mono: successfully reloaded assembly
- Completed reload, in  2.374 seconds
Domain Reload Profiling:
	ReloadAssembly (2376ms)
		BeginReloadAssembly (199ms)
			ExecutionOrderSort (0ms)
			DisableScriptedObjects (11ms)
			BackupInstance (0ms)
			ReleaseScriptingObjects (0ms)
			CreateAndSetChildDomain (75ms)
		EndReloadAssembly (2071ms)
			LoadAssemblies (129ms)
			RebuildTransferFunctionScriptingTraits (0ms)
			SetupTypeCache (369ms)
			ReleaseScriptCaches (4ms)
			RebuildScriptCaches (99ms)
			SetupLoadedEditorAssemblies (1305ms)
				LogAssemblyErrors (0ms)
				InitializePlatformSupportModulesInManaged (22ms)
				SetLoadedEditorAssemblies (1ms)
				RefreshPlugins (4ms)
				BeforeProcessingInitializeOnLoad (203ms)
				ProcessInitializeOnLoadAttributes (724ms)
				ProcessInitializeOnLoadMethodAttributes (339ms)
				AfterProcessingInitializeOnLoad (12ms)
				EditorAssembliesLoaded (0ms)
			ExecutionOrderSort2 (0ms)
			AwakeInstancesAfterBackupRestoration (24ms)
Platform modules already initialized, skipping
Refreshing native plugins compatible for Editor in 9.29 ms, found 2 plugins.
Preloading 0 native plugins for Editor in 0.00 ms.
Unloading 5172 Unused Serialized files (Serialized files now loaded: 0)
Unloading 83 unused Assets / (2.2 MB). Loaded Objects now: 5920.
Memory consumption went from 224.4 MB to 222.2 MB.
Total: 12.484700 ms (FindLiveObjects: 0.740900 ms CreateObjectMapping: 0.637600 ms MarkObjects: 9.847000 ms  DeleteObjects: 1.257500 ms)

AssetImportParameters requested are different than current active one (requested -> active):
  custom:video-decoder-ogg-theora: a1e56fd34408186e4bbccfd4996cb3dc -> 
  custom:container-muxer-webm: aa71ff27fc2769a1b78a27578f13a17b -> 
  custom:container-demuxer-webm: 4f35f7cbe854078d1ac9338744f61a02 -> 
  custom:video-encoder-webm-vp8: eb34c28f22e8b96e1ab97ce403110664 -> 
  custom:audio-encoder-webm-vorbis: bf7c407c2cedff20999df2af8eb42d56 -> 
  custom:framework-win-MediaFoundation: 216162199b28c13a410421893ffa2e32 -> 
  custom:container-demuxer-ogg: 62fdf1f143b41e24485cea50d1cbac27 -> 
  custom:video-decoder-webm-vp8: 9c59270c3fd7afecdb556c50c9e8de78 -> 
  custom:audio-decoder-ogg-vorbis: bf7c407c2cedff20999df2af8eb42d56 -> 
========================================================================
Received Import Request.
  Time since last request: 21.728517 seconds.
  path: Assets/- simpleShaders/BadNorthClouds.mat
  artifactKey: Guid(08b6e239d28e4fc4db101e08d0eee6dd) Importer(815301076,1909f56bfc062723c751e8b465ee728b)
Start importing Assets/- simpleShaders/BadNorthClouds.mat using Guid(08b6e239d28e4fc4db101e08d0eee6dd) Importer(815301076,1909f56bfc062723c751e8b465ee728b)  -> (artifact id: '0b70542314d34d056424121346601240') in 0.228853 seconds 
========================================================================
Received Import Request.
  Time since last request: 8.735586 seconds.
  path: Assets/- simpleShaders/- simpleShaders.unity
  artifactKey: Guid(fdd1a0da3382ed64ba0bd48882da802f) Importer(815301076,1909f56bfc062723c751e8b465ee728b)
Start importing Assets/- simpleShaders/- simpleShaders.unity using Guid(fdd1a0da3382ed64ba0bd48882da802f) Importer(815301076,1909f56bfc062723c751e8b465ee728b)  -> (artifact id: '1596340a61b1cb3d8f5297c10f20bac6') in 0.001713 seconds 
========================================================================
Received Import Request.
  Time since last request: 5.254014 seconds.
  path: Assets/- vox-mesh/VoxelFiller.compute
  artifactKey: Guid(4e9695c30c78a0b41a8ef3206f23b6c1) Importer(815301076,1909f56bfc062723c751e8b465ee728b)
Start importing Assets/- vox-mesh/VoxelFiller.compute using Guid(4e9695c30c78a0b41a8ef3206f23b6c1) Importer(815301076,1909f56bfc062723c751e8b465ee728b)  -> (artifact id: 'e5a49c02bf6b15e845183f48ef9d015f') in 0.002915 seconds 
========================================================================
Received Import Request.
  Time since last request: 2.854832 seconds.
  path: Assets/- vox-mesh/- voxMesh.unity
  artifactKey: Guid(16564ee37c404f840b8e32f1201e069d) Importer(815301076,1909f56bfc062723c751e8b465ee728b)
Start importing Assets/- vox-mesh/- voxMesh.unity using Guid(16564ee37c404f840b8e32f1201e069d) Importer(815301076,1909f56bfc062723c751e8b465ee728b)  -> (artifact id: '0b618a07e393d6bbdc2ed9ccf78d19e8') in 0.001835 seconds 
