Using pre-set license
Built from '2021.3/staging' branch; Version is '2021.3.15f1 (e8e88683f834) revision 15263878'; Using compiler version '192829333'; Build Type 'Release'
OS: 'Windows 11  (10.0.22621) 64bit Core' Language: 'en' Physical Memory: 32620 MB
BatchMode: 1, IsHumanControllingUs: 0, StartBugReporterOnCrash: 0, Is64bit: 1, IsPro: 1

COMMAND LINE ARGUMENTS:
D:\Pedro's Apps\2021.3.15f1\Editor\Unity.exe
-adb2
-batchMode
-noUpm
-name
AssetImportWorker2
-projectPath
D:/Pedro's Apps/Files/unity_playground
-logFile
Logs/AssetImportWorker2.log
-srvPort
61411
Successfully changed project path to: D:/Pedro's Apps/Files/unity_playground
D:/Pedro's Apps/Files/unity_playground
[UnityMemory] Configuration Parameters - Can be set up in boot.config
    "memorysetup-bucket-allocator-granularity=16"
    "memorysetup-bucket-allocator-bucket-count=8"
    "memorysetup-bucket-allocator-block-size=33554432"
    "memorysetup-bucket-allocator-block-count=8"
    "memorysetup-main-allocator-block-size=16777216"
    "memorysetup-thread-allocator-block-size=16777216"
    "memorysetup-gfx-main-allocator-block-size=16777216"
    "memorysetup-gfx-thread-allocator-block-size=16777216"
    "memorysetup-cache-allocator-block-size=4194304"
    "memorysetup-typetree-allocator-block-size=2097152"
    "memorysetup-profiler-bucket-allocator-granularity=16"
    "memorysetup-profiler-bucket-allocator-bucket-count=8"
    "memorysetup-profiler-bucket-allocator-block-size=33554432"
    "memorysetup-profiler-bucket-allocator-block-count=8"
    "memorysetup-profiler-allocator-block-size=16777216"
    "memorysetup-profiler-editor-allocator-block-size=1048576"
    "memorysetup-temp-allocator-size-main=16777216"
    "memorysetup-job-temp-allocator-block-size=2097152"
    "memorysetup-job-temp-allocator-block-size-background=1048576"
    "memorysetup-job-temp-allocator-reduction-small-platforms=262144"
    "memorysetup-temp-allocator-size-background-worker=32768"
    "memorysetup-temp-allocator-size-job-worker=262144"
    "memorysetup-temp-allocator-size-preload-manager=33554432"
    "memorysetup-temp-allocator-size-nav-mesh-worker=65536"
    "memorysetup-temp-allocator-size-audio-worker=65536"
    "memorysetup-temp-allocator-size-cloud-worker=32768"
    "memorysetup-temp-allocator-size-gi-baking-worker=262144"
    "memorysetup-temp-allocator-size-gfx=262144"
Player connection [8864] Host "[IP] 10.1.10.191 [Port] 0 [Flags] 2 [Guid] 4023928254 [EditorId] 4023928254 [Version] 1048832 [Id] WindowsEditor(7,Legion) [Debug] 1 [PackageName] WindowsEditor [ProjectName] Editor" joined multi-casting on [225.0.0.222:54997]...

Player connection [8864] Host "[IP] 10.1.10.191 [Port] 0 [Flags] 2 [Guid] 4023928254 [EditorId] 4023928254 [Version] 1048832 [Id] WindowsEditor(7,Legion) [Debug] 1 [PackageName] WindowsEditor [ProjectName] Editor" joined alternative multi-casting on [225.0.0.222:34997]...

Refreshing native plugins compatible for Editor in 104.29 ms, found 2 plugins.
Preloading 0 native plugins for Editor in 0.00 ms.
Initialize engine version: 2021.3.15f1 (e8e88683f834)
[Subsystems] Discovering subsystems at path D:/Pedro's Apps/2021.3.15f1/Editor/Data/Resources/UnitySubsystems
[Subsystems] Discovering subsystems at path D:/Pedro's Apps/Files/unity_playground/Assets
GfxDevice: creating device client; threaded=0; jobified=0
Direct3D:
    Version:  Direct3D 11.0 [level 11.1]
    Renderer: NVIDIA GeForce RTX 3070 Laptop GPU (ID=0x24dd)
    Vendor:   NVIDIA
    VRAM:     8033 MB
    Driver:   31.0.15.2756
Initialize mono
Mono path[0] = 'D:/Pedro's Apps/2021.3.15f1/Editor/Data/Managed'
Mono path[1] = 'D:/Pedro's Apps/2021.3.15f1/Editor/Data/MonoBleedingEdge/lib/mono/unityjit-win32'
Mono config path = 'D:/Pedro's Apps/2021.3.15f1/Editor/Data/MonoBleedingEdge/etc'
Using monoOptions --debugger-agent=transport=dt_socket,embedding=1,server=y,suspend=n,address=127.0.0.1:56040
Begin MonoManager ReloadAssembly
Registering precompiled unity dll's ...
Register platform support module: D:/Pedro's Apps/2021.3.15f1/Editor/Data/PlaybackEngines/AndroidPlayer/UnityEditor.Android.Extensions.dll
Register platform support module: D:/Pedro's Apps/2021.3.15f1/Editor/Data/PlaybackEngines/WindowsStandaloneSupport/UnityEditor.WindowsStandalone.Extensions.dll
Registered in 0.001943 seconds.
Native extension for WindowsStandalone target not found
Native extension for Android target not found
Refreshing native plugins compatible for Editor in 78.82 ms, found 2 plugins.
Preloading 0 native plugins for Editor in 0.00 ms.
Mono: successfully reloaded assembly
- Completed reload, in  0.555 seconds
Domain Reload Profiling:
	ReloadAssembly (555ms)
		BeginReloadAssembly (62ms)
			ExecutionOrderSort (0ms)
			DisableScriptedObjects (0ms)
			BackupInstance (0ms)
			ReleaseScriptingObjects (0ms)
			CreateAndSetChildDomain (1ms)
		EndReloadAssembly (403ms)
			LoadAssemblies (61ms)
			RebuildTransferFunctionScriptingTraits (0ms)
			SetupTypeCache (89ms)
			ReleaseScriptCaches (0ms)
			RebuildScriptCaches (21ms)
			SetupLoadedEditorAssemblies (249ms)
				LogAssemblyErrors (0ms)
				InitializePlatformSupportModulesInManaged (49ms)
				SetLoadedEditorAssemblies (0ms)
				RefreshPlugins (79ms)
				BeforeProcessingInitializeOnLoad (1ms)
				ProcessInitializeOnLoadAttributes (82ms)
				ProcessInitializeOnLoadMethodAttributes (38ms)
				AfterProcessingInitializeOnLoad (0ms)
				EditorAssembliesLoaded (0ms)
			ExecutionOrderSort2 (0ms)
			AwakeInstancesAfterBackupRestoration (0ms)
Platform modules already initialized, skipping
Registering precompiled user dll's ...
Registered in 0.007866 seconds.
Begin MonoManager ReloadAssembly
Native extension for WindowsStandalone target not found
Native extension for Android target not found
Refreshing native plugins compatible for Editor in 122.86 ms, found 2 plugins.
Preloading 0 native plugins for Editor in 0.00 ms.
Package Manager log level set to [2]
Mono: successfully reloaded assembly
- Completed reload, in  2.272 seconds
Domain Reload Profiling:
	ReloadAssembly (2275ms)
		BeginReloadAssembly (254ms)
			ExecutionOrderSort (0ms)
			DisableScriptedObjects (9ms)
			BackupInstance (0ms)
			ReleaseScriptingObjects (1ms)
			CreateAndSetChildDomain (132ms)
		EndReloadAssembly (1870ms)
			LoadAssemblies (129ms)
			RebuildTransferFunctionScriptingTraits (0ms)
			SetupTypeCache (315ms)
			ReleaseScriptCaches (1ms)
			RebuildScriptCaches (84ms)
			SetupLoadedEditorAssemblies (1304ms)
				LogAssemblyErrors (0ms)
				InitializePlatformSupportModulesInManaged (13ms)
				SetLoadedEditorAssemblies (0ms)
				RefreshPlugins (123ms)
				BeforeProcessingInitializeOnLoad (139ms)
				ProcessInitializeOnLoadAttributes (781ms)
				ProcessInitializeOnLoadMethodAttributes (246ms)
				AfterProcessingInitializeOnLoad (2ms)
				EditorAssembliesLoaded (0ms)
			ExecutionOrderSort2 (0ms)
			AwakeInstancesAfterBackupRestoration (8ms)
Platform modules already initialized, skipping
========================================================================
Worker process is ready to serve import requests
Launched and connected shader compiler UnityShaderCompiler.exe after 0.06 seconds
Refreshing native plugins compatible for Editor in 6.81 ms, found 2 plugins.
Preloading 0 native plugins for Editor in 0.00 ms.
Unloading 5386 Unused Serialized files (Serialized files now loaded: 0)
Unloading 259 unused Assets / (0.8 MB). Loaded Objects now: 5774.
Memory consumption went from 232.2 MB to 231.4 MB.
Total: 11.601600 ms (FindLiveObjects: 0.967100 ms CreateObjectMapping: 0.394900 ms MarkObjects: 9.243200 ms  DeleteObjects: 0.988200 ms)

AssetImportParameters requested are different than current active one (requested -> active):
  custom:video-decoder-ogg-theora: a1e56fd34408186e4bbccfd4996cb3dc -> 
  custom:container-muxer-webm: aa71ff27fc2769a1b78a27578f13a17b -> 
  custom:container-demuxer-webm: 4f35f7cbe854078d1ac9338744f61a02 -> 
  custom:video-encoder-webm-vp8: eb34c28f22e8b96e1ab97ce403110664 -> 
  custom:video-codec-MediaFoundation-h265: 746d11721c4dcdbdad8f713fa42b33f4 -> 
  custom:audio-encoder-webm-vorbis: bf7c407c2cedff20999df2af8eb42d56 -> 
  custom:framework-win-MediaFoundation: 216162199b28c13a410421893ffa2e32 -> 
  custom:container-demuxer-ogg: 62fdf1f143b41e24485cea50d1cbac27 -> 
  custom:video-decoder-webm-vp8: 9c59270c3fd7afecdb556c50c9e8de78 -> 
  custom:audio-decoder-ogg-vorbis: bf7c407c2cedff20999df2af8eb42d56 -> 
========================================================================
Received Import Request.
  Time since last request: 3436.496266 seconds.
  path: Assets/- parallaxMenu/Scripts/CardMenu.asmdef
  artifactKey: Guid(e60c61e2f560ba848a5416f9cc14dac2) Importer(815301076,1909f56bfc062723c751e8b465ee728b)
Start importing Assets/- parallaxMenu/Scripts/CardMenu.asmdef using Guid(e60c61e2f560ba848a5416f9cc14dac2) Importer(815301076,1909f56bfc062723c751e8b465ee728b)  -> (artifact id: 'ccaad64ac367ca34dd074f73e9f9e80c') in 0.031136 seconds 
========================================================================
Received Prepare
Registering precompiled user dll's ...
Registered in 0.007971 seconds.
Begin MonoManager ReloadAssembly
Native extension for WindowsStandalone target not found
Native extension for Android target not found
Refreshing native plugins compatible for Editor in 1.21 ms, found 2 plugins.
Preloading 0 native plugins for Editor in 0.00 ms.
Warning: Annotation not found!
UnityEngine.StackTraceUtility:ExtractStackTrace ()
UnityEditor.ProBuilder.EditorUtility:SetGizmoIconEnabled (System.Type,bool) (at Library/PackageCache/com.unity.probuilder@5.0.3/Editor/EditorCore/EditorUtility.cs:575)
UnityEditor.ProBuilder.HierarchyListener:.cctor () (at Library/PackageCache/com.unity.probuilder@5.0.3/Editor/EditorCore/HierarchyListener.cs:21)
System.Runtime.CompilerServices.RuntimeHelpers:RunClassConstructor (System.RuntimeTypeHandle)
UnityEditor.EditorAssemblies:ProcessInitializeOnLoadAttributes (System.Type[])

[Library/PackageCache/com.unity.probuilder@5.0.3/Editor/EditorCore/EditorUtility.cs line 575]

Mono: successfully reloaded assembly
- Completed reload, in  1.106 seconds
Domain Reload Profiling:
	ReloadAssembly (1106ms)
		BeginReloadAssembly (136ms)
			ExecutionOrderSort (0ms)
			DisableScriptedObjects (6ms)
			BackupInstance (0ms)
			ReleaseScriptingObjects (0ms)
			CreateAndSetChildDomain (48ms)
		EndReloadAssembly (895ms)
			LoadAssemblies (88ms)
			RebuildTransferFunctionScriptingTraits (1ms)
			SetupTypeCache (215ms)
			ReleaseScriptCaches (2ms)
			RebuildScriptCaches (40ms)
			SetupLoadedEditorAssemblies (512ms)
				LogAssemblyErrors (0ms)
				InitializePlatformSupportModulesInManaged (16ms)
				SetLoadedEditorAssemblies (0ms)
				RefreshPlugins (1ms)
				BeforeProcessingInitializeOnLoad (64ms)
				ProcessInitializeOnLoadAttributes (281ms)
				ProcessInitializeOnLoadMethodAttributes (147ms)
				AfterProcessingInitializeOnLoad (2ms)
				EditorAssembliesLoaded (0ms)
			ExecutionOrderSort2 (0ms)
			AwakeInstancesAfterBackupRestoration (7ms)
Platform modules already initialized, skipping
Refreshing native plugins compatible for Editor in 4.31 ms, found 2 plugins.
Preloading 0 native plugins for Editor in 0.00 ms.
Unloading 5166 Unused Serialized files (Serialized files now loaded: 0)
Unloading 83 unused Assets / (0.8 MB). Loaded Objects now: 5789.
Memory consumption went from 213.7 MB to 212.9 MB.
Total: 8.276900 ms (FindLiveObjects: 0.386900 ms CreateObjectMapping: 0.188500 ms MarkObjects: 7.299400 ms  DeleteObjects: 0.400700 ms)

AssetImportParameters requested are different than current active one (requested -> active):
  custom:video-decoder-ogg-theora: a1e56fd34408186e4bbccfd4996cb3dc -> 
  custom:container-muxer-webm: aa71ff27fc2769a1b78a27578f13a17b -> 
  custom:container-demuxer-webm: 4f35f7cbe854078d1ac9338744f61a02 -> 
  custom:video-encoder-webm-vp8: eb34c28f22e8b96e1ab97ce403110664 -> 
  custom:video-codec-MediaFoundation-h265: 746d11721c4dcdbdad8f713fa42b33f4 -> 
  custom:audio-encoder-webm-vorbis: bf7c407c2cedff20999df2af8eb42d56 -> 
  custom:framework-win-MediaFoundation: 216162199b28c13a410421893ffa2e32 -> 
  custom:container-demuxer-ogg: 62fdf1f143b41e24485cea50d1cbac27 -> 
  custom:video-decoder-webm-vp8: 9c59270c3fd7afecdb556c50c9e8de78 -> 
  custom:audio-decoder-ogg-vorbis: bf7c407c2cedff20999df2af8eb42d56 -> 
========================================================================
Received Import Request.
  Time since last request: 41.052980 seconds.
  path: Assets/- parallaxMenu/Materials
  artifactKey: Guid(8ea45a1970d3d2f4492d712a09a6f022) Importer(815301076,1909f56bfc062723c751e8b465ee728b)
Start importing Assets/- parallaxMenu/Materials using Guid(8ea45a1970d3d2f4492d712a09a6f022) Importer(815301076,1909f56bfc062723c751e8b465ee728b)  -> (artifact id: '5376a687b9f8f4ad5da6f5a218d179e4') in 0.010070 seconds 
========================================================================
Received Import Request.
  Time since last request: 7.329145 seconds.
  path: Assets/- parallaxMenu/TouchControls.cs
  artifactKey: Guid(6a7f41dac73870b489b49bda66ac4a77) Importer(815301076,1909f56bfc062723c751e8b465ee728b)
Start importing Assets/- parallaxMenu/TouchControls.cs using Guid(6a7f41dac73870b489b49bda66ac4a77) Importer(815301076,1909f56bfc062723c751e8b465ee728b)  -> (artifact id: '9b017d39e8a9cb9ab47a68adaf4c34cf') in 0.004878 seconds 
========================================================================
Received Import Request.
  Time since last request: 12.681278 seconds.
  path: Assets/- parallaxMenu/Scenes
  artifactKey: Guid(57d807c2b00c9a24d9193a98b7dd3df0) Importer(815301076,1909f56bfc062723c751e8b465ee728b)
Start importing Assets/- parallaxMenu/Scenes using Guid(57d807c2b00c9a24d9193a98b7dd3df0) Importer(815301076,1909f56bfc062723c751e8b465ee728b)  -> (artifact id: '4e2081e07e9ef0f67e61194dbc466d84') in 0.001483 seconds 
========================================================================
Received Import Request.
  Time since last request: 1.902581 seconds.
  path: Assets/- parallaxMenu/ParallaxMenu.unity
  artifactKey: Guid(a739d5f6bda396c4b81c1ce1a4ad25d9) Importer(815301076,1909f56bfc062723c751e8b465ee728b)
Start importing Assets/- parallaxMenu/ParallaxMenu.unity using Guid(a739d5f6bda396c4b81c1ce1a4ad25d9) Importer(815301076,1909f56bfc062723c751e8b465ee728b)  -> (artifact id: '196232508be4805675dd134109fb34e8') in 0.007897 seconds 
========================================================================
Received Import Request.
  Time since last request: 7.655921 seconds.
  path: Assets/- parallaxMenu/ParallaxMenuTests.unity
  artifactKey: Guid(a739d5f6bda396c4b81c1ce1a4ad25d9) Importer(815301076,1909f56bfc062723c751e8b465ee728b)
Start importing Assets/- parallaxMenu/ParallaxMenuTests.unity using Guid(a739d5f6bda396c4b81c1ce1a4ad25d9) Importer(815301076,1909f56bfc062723c751e8b465ee728b)  -> (artifact id: '8ea11b58909cc28d4fe249b1c9a4f216') in 0.001885 seconds 
========================================================================
Received Import Request.
  Time since last request: 18.238048 seconds.
  path: Assets/- parallaxMenu/border.png
  artifactKey: Guid(f3d0468f63bf03e4882b4c6952ef5ca6) Importer(815301076,1909f56bfc062723c751e8b465ee728b)
Start importing Assets/- parallaxMenu/border.png using Guid(f3d0468f63bf03e4882b4c6952ef5ca6) Importer(815301076,1909f56bfc062723c751e8b465ee728b)  -> (artifact id: 'a5e6eb3a2ae599ade5cbfb6ec9962b26') in 0.087490 seconds 
========================================================================
Received Import Request.
  Time since last request: 15.177961 seconds.
  path: Assets/- parallaxMenu/sp_square_frame.png
  artifactKey: Guid(f3d0468f63bf03e4882b4c6952ef5ca6) Importer(815301076,1909f56bfc062723c751e8b465ee728b)
Start importing Assets/- parallaxMenu/sp_square_frame.png using Guid(f3d0468f63bf03e4882b4c6952ef5ca6) Importer(815301076,1909f56bfc062723c751e8b465ee728b)  -> (artifact id: 'be5f6c9b6e9a45585f838585e178acf7') in 0.017990 seconds 
========================================================================
Received Import Request.
  Time since last request: 6.977151 seconds.
  path: Assets/- parallaxMenu/Sprites
  artifactKey: Guid(337b513ae179a8d4ca7eba64ec20f1d1) Importer(815301076,1909f56bfc062723c751e8b465ee728b)
Start importing Assets/- parallaxMenu/Sprites using Guid(337b513ae179a8d4ca7eba64ec20f1d1) Importer(815301076,1909f56bfc062723c751e8b465ee728b)  -> (artifact id: '41e898352000eda35ed085d0813d9aa4') in 0.001774 seconds 
========================================================================
Received Import Request.
  Time since last request: 13.317970 seconds.
  path: Assets/- parallaxMenu/Shaders
  artifactKey: Guid(c3e9797e22fd33443bc7644e2b8cf21f) Importer(815301076,1909f56bfc062723c751e8b465ee728b)
Start importing Assets/- parallaxMenu/Shaders using Guid(c3e9797e22fd33443bc7644e2b8cf21f) Importer(815301076,1909f56bfc062723c751e8b465ee728b)  -> (artifact id: '1a0153a66cf3132120c412716357c715') in 0.001442 seconds 
========================================================================
Received Import Request.
  Time since last request: 6.508527 seconds.
  path: Assets/- parallaxMenu/Scripts/CardSwipeController.cs
  artifactKey: Guid(6455e888802e81840b7a73a6b5fbc905) Importer(815301076,1909f56bfc062723c751e8b465ee728b)
Start importing Assets/- parallaxMenu/Scripts/CardSwipeController.cs using Guid(6455e888802e81840b7a73a6b5fbc905) Importer(815301076,1909f56bfc062723c751e8b465ee728b)  -> (artifact id: 'aa6534fc74a627d876c5fd7b9078e4cf') in 0.001380 seconds 
========================================================================
Received Prepare
Registering precompiled user dll's ...
Registered in 0.007427 seconds.
Begin MonoManager ReloadAssembly
Native extension for WindowsStandalone target not found
Native extension for Android target not found
Refreshing native plugins compatible for Editor in 1.24 ms, found 2 plugins.
Preloading 0 native plugins for Editor in 0.00 ms.
Warning: Annotation not found!
UnityEngine.StackTraceUtility:ExtractStackTrace ()
UnityEditor.ProBuilder.EditorUtility:SetGizmoIconEnabled (System.Type,bool) (at Library/PackageCache/com.unity.probuilder@5.0.3/Editor/EditorCore/EditorUtility.cs:575)
UnityEditor.ProBuilder.HierarchyListener:.cctor () (at Library/PackageCache/com.unity.probuilder@5.0.3/Editor/EditorCore/HierarchyListener.cs:21)
System.Runtime.CompilerServices.RuntimeHelpers:RunClassConstructor (System.RuntimeTypeHandle)
UnityEditor.EditorAssemblies:ProcessInitializeOnLoadAttributes (System.Type[])

[Library/PackageCache/com.unity.probuilder@5.0.3/Editor/EditorCore/EditorUtility.cs line 575]

Mono: successfully reloaded assembly
- Completed reload, in  1.137 seconds
Domain Reload Profiling:
	ReloadAssembly (1138ms)
		BeginReloadAssembly (135ms)
			ExecutionOrderSort (0ms)
			DisableScriptedObjects (5ms)
			BackupInstance (0ms)
			ReleaseScriptingObjects (0ms)
			CreateAndSetChildDomain (50ms)
		EndReloadAssembly (922ms)
			LoadAssemblies (84ms)
			RebuildTransferFunctionScriptingTraits (0ms)
			SetupTypeCache (215ms)
			ReleaseScriptCaches (2ms)
			RebuildScriptCaches (41ms)
			SetupLoadedEditorAssemblies (530ms)
				LogAssemblyErrors (0ms)
				InitializePlatformSupportModulesInManaged (22ms)
				SetLoadedEditorAssemblies (0ms)
				RefreshPlugins (1ms)
				BeforeProcessingInitializeOnLoad (72ms)
				ProcessInitializeOnLoadAttributes (292ms)
				ProcessInitializeOnLoadMethodAttributes (139ms)
				AfterProcessingInitializeOnLoad (3ms)
				EditorAssembliesLoaded (0ms)
			ExecutionOrderSort2 (0ms)
			AwakeInstancesAfterBackupRestoration (8ms)
Platform modules already initialized, skipping
Refreshing native plugins compatible for Editor in 4.65 ms, found 2 plugins.
Preloading 0 native plugins for Editor in 0.00 ms.
Unloading 5165 Unused Serialized files (Serialized files now loaded: 0)
Unloading 84 unused Assets / (0.8 MB). Loaded Objects now: 5809.
Memory consumption went from 217.8 MB to 216.9 MB.
Total: 7.685800 ms (FindLiveObjects: 0.354800 ms CreateObjectMapping: 0.152900 ms MarkObjects: 6.688300 ms  DeleteObjects: 0.488400 ms)

AssetImportParameters requested are different than current active one (requested -> active):
  custom:video-decoder-ogg-theora: a1e56fd34408186e4bbccfd4996cb3dc -> 
  custom:container-muxer-webm: aa71ff27fc2769a1b78a27578f13a17b -> 
  custom:container-demuxer-webm: 4f35f7cbe854078d1ac9338744f61a02 -> 
  custom:video-encoder-webm-vp8: eb34c28f22e8b96e1ab97ce403110664 -> 
  custom:video-codec-MediaFoundation-h265: 746d11721c4dcdbdad8f713fa42b33f4 -> 
  custom:audio-encoder-webm-vorbis: bf7c407c2cedff20999df2af8eb42d56 -> 
  custom:framework-win-MediaFoundation: 216162199b28c13a410421893ffa2e32 -> 
  custom:container-demuxer-ogg: 62fdf1f143b41e24485cea50d1cbac27 -> 
  custom:video-decoder-webm-vp8: 9c59270c3fd7afecdb556c50c9e8de78 -> 
  custom:audio-decoder-ogg-vorbis: bf7c407c2cedff20999df2af8eb42d56 -> 
========================================================================
Received Import Request.
  Time since last request: 20.735726 seconds.
  path: Assets/- parallaxMenu/Fonts
  artifactKey: Guid(cde515d18c26c494ea52407e4f7cde67) Importer(815301076,1909f56bfc062723c751e8b465ee728b)
Start importing Assets/- parallaxMenu/Fonts using Guid(cde515d18c26c494ea52407e4f7cde67) Importer(815301076,1909f56bfc062723c751e8b465ee728b)  -> (artifact id: 'f9fcbdf9405aa0e18e833a59f173a01a') in 0.009697 seconds 
